<?xml version="1.0" encoding="UTF-8"?>
<!-- Generated by org.testng.reporters.JUnitReportReporter -->
<testsuite hostname="LNAR-PC0AET4B" name="com.pc.driver.ParallelExecDriver" tests="1" failures="0" timestamp="5 Apr 2018 03:45:27 GMT" time="6.530" errors="0">
  <testcase name="Parllel1" time="6.530" classname="com.pc.driver.ParallelExecDriver"/>
</testsuite> <!-- com.pc.driver.ParallelExecDriver -->
