<?xml version="1.0" encoding="UTF-8"?>
<!-- Generated by org.testng.reporters.JUnitReportReporter -->
<testsuite hostname="LNAR-PC0AET4B" name="com.pc.driver.Driver" tests="1" failures="0" timestamp="15 Jan 2018 18:59:42 GMT" time="178.028" errors="0">
  <testcase name="Parllel1" time="178.028" classname="com.pc.driver.Driver"/>
</testsuite> <!-- com.pc.driver.Driver -->
